<?xml version="1.0" encoding="utf-8"?>
<TestRun id="9e29cce2-6e40-448f-b0a4-084b667ca413" name="JP Cabaluna@LAPTOP-DESTVR38 2025-10-23 19:20:40" runUser="LAPTOP-DESTVR38\JP Cabaluna" xmlns="http://microsoft.com/schemas/VisualStudio/TeamTest/2010">
  <Times creation="2025-10-23T19:20:40.1030647+08:00" queuing="2025-10-23T19:20:40.1030657+08:00" start="2025-10-23T19:20:13.8708889+08:00" finish="2025-10-23T19:20:40.4454667+08:00" />
  <TestSettings name="default" id="59039607-5856-4320-bee5-5e311dc817a4">
    <Deployment runDeploymentRoot="JP_Cabaluna_LAPTOP-DESTVR38_2025-10-23_19_20_40" />
  </TestSettings>
  <Results>
    <UnitTestResult executionId="f14c6179-59bd-4f6e-a100-c1322968daae" testId="ad6aef95-10a7-7dc1-81f7-5fc62a6f5686" testName="BstService.Tests.BstServiceTests.Insert_Balances_HeightIsReasonable" computerName="LAPTOP-DESTVR38" duration="00:00:01.4907019" startTime="2025-10-23T19:20:39.8776579+08:00" endTime="2025-10-23T19:20:39.8779142+08:00" testType="13cdc9d9-ddb5-4fa4-a97d-d965ccfc6d4b" outcome="Passed" testListId="8c84fa94-04c1-424b-9868-57a2d4851a1d" relativeResultsDirectory="f14c6179-59bd-4f6e-a100-c1322968daae" />
    <UnitTestResult executionId="3cfd3f78-697f-41b4-a6d6-8428edbad867" testId="3346607b-f064-346e-481f-a861b73733e5" testName="BstService.Tests.BstServiceTests.Insert_MultipleValues_InorderIsSorted" computerName="LAPTOP-DESTVR38" duration="00:00:00.0286258" startTime="2025-10-23T19:20:39.9043116+08:00" endTime="2025-10-23T19:20:39.9043124+08:00" testType="13cdc9d9-ddb5-4fa4-a97d-d965ccfc6d4b" outcome="Passed" testListId="8c84fa94-04c1-424b-9868-57a2d4851a1d" relativeResultsDirectory="3cfd3f78-697f-41b4-a6d6-8428edbad867" />
  </Results>
  <TestDefinitions>
    <UnitTest name="BstService.Tests.BstServiceTests.Insert_MultipleValues_InorderIsSorted" storage="c:\dotnet_projects\bst_backend\tests\bstservice.tests\bin\debug\net8.0\bstservice.tests.dll" id="3346607b-f064-346e-481f-a861b73733e5">
      <Execution id="3cfd3f78-697f-41b4-a6d6-8428edbad867" />
      <TestMethod codeBase="c:\dotnet_projects\bst_backend\tests\BstService.Tests\bin\Debug\net8.0\BstService.Tests.dll" adapterTypeName="executor://xunit/VsTestRunner2/netcoreapp" className="BstService.Tests.BstServiceTests" name="Insert_MultipleValues_InorderIsSorted" />
    </UnitTest>
    <UnitTest name="BstService.Tests.BstServiceTests.Insert_Balances_HeightIsReasonable" storage="c:\dotnet_projects\bst_backend\tests\bstservice.tests\bin\debug\net8.0\bstservice.tests.dll" id="ad6aef95-10a7-7dc1-81f7-5fc62a6f5686">
      <Execution id="f14c6179-59bd-4f6e-a100-c1322968daae" />
      <TestMethod codeBase="c:\dotnet_projects\bst_backend\tests\BstService.Tests\bin\Debug\net8.0\BstService.Tests.dll" adapterTypeName="executor://xunit/VsTestRunner2/netcoreapp" className="BstService.Tests.BstServiceTests" name="Insert_Balances_HeightIsReasonable" />
    </UnitTest>
  </TestDefinitions>
  <TestEntries>
    <TestEntry testId="ad6aef95-10a7-7dc1-81f7-5fc62a6f5686" executionId="f14c6179-59bd-4f6e-a100-c1322968daae" testListId="8c84fa94-04c1-424b-9868-57a2d4851a1d" />
    <TestEntry testId="3346607b-f064-346e-481f-a861b73733e5" executionId="3cfd3f78-697f-41b4-a6d6-8428edbad867" testListId="8c84fa94-04c1-424b-9868-57a2d4851a1d" />
  </TestEntries>
  <TestLists>
    <TestList name="Results Not in a List" id="8c84fa94-04c1-424b-9868-57a2d4851a1d" />
    <TestList name="All Loaded Results" id="19431567-8539-422a-85d7-44ee4e166bda" />
  </TestLists>
  <ResultSummary outcome="Completed">
    <Counters total="2" executed="2" passed="2" failed="0" error="0" timeout="0" aborted="0" inconclusive="0" passedButRunAborted="0" notRunnable="0" notExecuted="0" disconnected="0" warning="0" completed="0" inProgress="0" pending="0" />
    <Output>
      <StdOut>[xUnit.net 00:00:00.11] xUnit.net VSTest Adapter v2.5.3.1+6b60a9e56a (64-bit .NET 8.0.17)&#xD;
[xUnit.net 00:00:09.35]   Discovering: BstService.Tests&#xD;
[xUnit.net 00:00:09.84]   Discovered:  BstService.Tests&#xD;
[xUnit.net 00:00:09.85]   Starting:    BstService.Tests&#xD;
[xUnit.net 00:00:12.32]   Finished:    BstService.Tests&#xD;
</StdOut>
    </Output>
  </ResultSummary>
</TestRun>